[0m17:50:04.596749 [debug] [MainThread]: Sending event: {'category': 'dbt', 'action': 'invocation', 'label': 'start', 'context': [<snowplow_tracker.self_describing_json.SelfDescribingJson object at 0x000001771F41F980>, <snowplow_tracker.self_describing_json.SelfDescribingJson object at 0x0000017722A0A0C0>, <snowplow_tracker.self_describing_json.SelfDescribingJson object at 0x0000017723167B90>]}


============================== 17:50:04.637957 | 8c197923-a57f-45bf-adbb-f7eab32b5d8e ==============================
[0m17:50:04.637957 [info ] [MainThread]: Running with dbt=1.11.7
[0m17:50:04.638474 [debug] [MainThread]: running dbt with arguments {'version_check': 'True', 'no_print': 'None', 'static_parser': 'True', 'warn_error_options': 'WarnErrorOptionsV2(error=[], warn=[], silence=[])', 'target_path': 'None', 'printer_width': '80', 'write_json': 'True', 'introspect': 'True', 'log_cache_events': 'False', 'empty': 'None', 'cache_selected_only': 'False', 'fail_fast': 'False', 'debug': 'False', 'log_format': 'default', 'profiles_dir': 'C:\\Users\\yjisu\\.dbt', 'send_anonymous_usage_stats': 'True', 'quiet': 'False', 'warn_error': 'None', 'partial_parse': 'True', 'use_colors': 'True', 'invocation_command': 'dbt debug', 'indirect_selection': 'eager', 'use_experimental_parser': 'False', 'log_path': 'C:\\Users\\yjisu\\Desktop\\SCM_WORK\\sincerely_scm_dbt\\logs'}
[0m17:50:04.683416 [info ] [MainThread]: dbt version: 1.11.7
[0m17:50:04.683416 [info ] [MainThread]: python version: 3.12.10
[0m17:50:04.683416 [info ] [MainThread]: python path: C:\Users\yjisu\AppData\Local\Python\pythoncore-3.12-64\python.exe
[0m17:50:04.683416 [info ] [MainThread]: os info: Windows-11-10.0.26200-SP0
[0m17:50:04.805515 [info ] [MainThread]: Using profiles dir at C:\Users\yjisu\.dbt
[0m17:50:04.807516 [info ] [MainThread]: Using profiles.yml file at C:\Users\yjisu\.dbt\profiles.yml
[0m17:50:04.807516 [info ] [MainThread]: Using dbt_project.yml file at C:\Users\yjisu\Desktop\SCM_WORK\sincerely_scm_dbt\dbt_project.yml
[0m17:50:04.807516 [info ] [MainThread]: adapter type: postgres
[0m17:50:04.807516 [info ] [MainThread]: adapter version: 1.10.0
[0m17:50:04.962330 [info ] [MainThread]: Configuration:
[0m17:50:04.962330 [info ] [MainThread]:   profiles.yml file [[32mOK found and valid[0m]
[0m17:50:04.962330 [info ] [MainThread]:   dbt_project.yml file [[32mOK found and valid[0m]
[0m17:50:04.962330 [info ] [MainThread]: Required dependencies:
[0m17:50:04.962330 [debug] [MainThread]: Executing "git --help"
[0m17:50:05.060143 [debug] [MainThread]: STDOUT: "b"usage: git [-v | --version] [-h | --help] [-C <path>] [-c <name>=<value>]\n           [--exec-path[=<path>]] [--html-path] [--man-path] [--info-path]\n           [-p | --paginate | -P | --no-pager] [--no-replace-objects] [--no-lazy-fetch]\n           [--no-optional-locks] [--no-advice] [--bare] [--git-dir=<path>]\n           [--work-tree=<path>] [--namespace=<name>] [--config-env=<name>=<envvar>]\n           <command> [<args>]\n\nThese are common Git commands used in various situations:\n\nstart a working area (see also: git help tutorial)\n   clone      Clone a repository into a new directory\n   init       Create an empty Git repository or reinitialize an existing one\n\nwork on the current change (see also: git help everyday)\n   add        Add file contents to the index\n   mv         Move or rename a file, a directory, or a symlink\n   restore    Restore working tree files\n   rm         Remove files from the working tree and from the index\n\nexamine the history and state (see also: git help revisions)\n   bisect     Use binary search to find the commit that introduced a bug\n   diff       Show changes between commits, commit and working tree, etc\n   grep       Print lines matching a pattern\n   log        Show commit logs\n   show       Show various types of objects\n   status     Show the working tree status\n\ngrow, mark and tweak your common history\n   backfill   Download missing objects in a partial clone\n   branch     List, create, or delete branches\n   commit     Record changes to the repository\n   merge      Join two or more development histories together\n   rebase     Reapply commits on top of another base tip\n   reset      Set `HEAD` or the index to a known state\n   switch     Switch branches\n   tag        Create, list, delete or verify tags\n\ncollaborate (see also: git help workflows)\n   fetch      Download objects and refs from another repository\n   pull       Fetch from and integrate with another repository or a local branch\n   push       Update remote refs along with associated objects\n\n'git help -a' and 'git help -g' list available subcommands and some\nconcept guides. See 'git help <command>' or 'git help <concept>'\nto read about a specific subcommand or concept.\nSee 'git help git' for an overview of the system.\n""
[0m17:50:05.060143 [debug] [MainThread]: STDERR: "b''"
[0m17:50:05.060143 [info ] [MainThread]:  - git [[32mOK found[0m]

[0m17:50:05.060143 [info ] [MainThread]: Connection:
[0m17:50:05.060143 [info ] [MainThread]:   host: db.aigykrijhgjxqludjqed.supabase.co
[0m17:50:05.060143 [info ] [MainThread]:   port: 5432
[0m17:50:05.060143 [info ] [MainThread]:   user: postgres
[0m17:50:05.060143 [info ] [MainThread]:   database: postgres
[0m17:50:05.060143 [info ] [MainThread]:   schema: analytics
[0m17:50:05.060143 [info ] [MainThread]:   connect_timeout: 10
[0m17:50:05.060143 [info ] [MainThread]:   role: None
[0m17:50:05.060143 [info ] [MainThread]:   search_path: None
[0m17:50:05.065765 [info ] [MainThread]:   keepalives_idle: 0
[0m17:50:05.066913 [info ] [MainThread]:   sslmode: require
[0m17:50:05.066913 [info ] [MainThread]:   sslcert: None
[0m17:50:05.066913 [info ] [MainThread]:   sslkey: None
[0m17:50:05.066913 [info ] [MainThread]:   sslrootcert: None
[0m17:50:05.066913 [info ] [MainThread]:   application_name: dbt
[0m17:50:05.066913 [info ] [MainThread]:   retries: 1
[0m17:50:05.066913 [info ] [MainThread]: Registered adapter: postgres=1.10.0
[0m17:50:05.588460 [debug] [MainThread]: Acquiring new postgres connection 'debug'
[0m17:50:11.332799 [debug] [MainThread]: Using postgres connection "debug"
[0m17:50:11.333589 [debug] [MainThread]: On debug: select 1 as id
[0m17:50:11.333589 [debug] [MainThread]: Opening a new connection, currently in state init
[0m17:50:21.447868 [debug] [MainThread]: Postgres adapter: Got a retryable error when attempting to open a postgres connection.
1 attempts remaining. Retrying in 0 seconds.
Error:
connection to server at "db.aigykrijhgjxqludjqed.supabase.co" (2406:da1a:6b0:f62d:8956:4f63:3335:4e57), port 5432 failed: timeout expired

[0m17:50:31.456064 [debug] [MainThread]: Postgres adapter: Error running SQL: select 1 as id
[0m17:50:31.458075 [debug] [MainThread]: Postgres adapter: Rolling back transaction.
[0m17:50:31.458075 [debug] [MainThread]: On debug: No close available on handle
[0m17:50:31.458075 [info ] [MainThread]:   Connection test: [[31mERROR[0m]

[0m17:50:31.460087 [info ] [MainThread]: [31m1 check failed:[0m
[0m17:50:31.460087 [info ] [MainThread]: dbt was unable to connect to the specified database.
The database returned the following error:

  >Database Error
  connection to server at "db.aigykrijhgjxqludjqed.supabase.co" (2406:da1a:6b0:f62d:8956:4f63:3335:4e57), port 5432 failed: timeout expired
  

Check your database credentials and try again. For more information, visit:
https://docs.getdbt.com/docs/configure-your-profile


[0m17:50:31.462097 [debug] [MainThread]: Command `dbt debug` failed at 17:50:31.460087 after 27.17 seconds
[0m17:50:31.462097 [debug] [MainThread]: Connection 'debug' was properly closed.
[0m17:50:31.462097 [debug] [MainThread]: Sending event: {'category': 'dbt', 'action': 'invocation', 'label': 'end', 'context': [<snowplow_tracker.self_describing_json.SelfDescribingJson object at 0x0000017724F1D6D0>, <snowplow_tracker.self_describing_json.SelfDescribingJson object at 0x0000017722CDF170>, <snowplow_tracker.self_describing_json.SelfDescribingJson object at 0x0000017723164BF0>]}
[0m17:50:31.464105 [debug] [MainThread]: Flushing usage events
[0m17:50:33.383580 [debug] [MainThread]: An error was encountered while trying to flush usage events
[0m17:51:29.968152 [debug] [MainThread]: Sending event: {'category': 'dbt', 'action': 'invocation', 'label': 'start', 'context': [<snowplow_tracker.self_describing_json.SelfDescribingJson object at 0x0000022598527F50>, <snowplow_tracker.self_describing_json.SelfDescribingJson object at 0x0000022598A7E6F0>, <snowplow_tracker.self_describing_json.SelfDescribingJson object at 0x00000225964DA780>]}


============================== 17:51:29.975127 | b83158ae-5d05-47eb-83ad-dc367b1364e6 ==============================
[0m17:51:29.975127 [info ] [MainThread]: Running with dbt=1.11.7
[0m17:51:29.975127 [debug] [MainThread]: running dbt with arguments {'version_check': 'True', 'no_print': 'None', 'static_parser': 'True', 'target_path': 'None', 'warn_error_options': 'WarnErrorOptionsV2(error=[], warn=[], silence=[])', 'printer_width': '80', 'write_json': 'True', 'empty': 'None', 'log_cache_events': 'False', 'introspect': 'True', 'cache_selected_only': 'False', 'log_format': 'default', 'debug': 'False', 'fail_fast': 'False', 'partial_parse': 'True', 'send_anonymous_usage_stats': 'True', 'quiet': 'False', 'warn_error': 'None', 'profiles_dir': 'C:\\Users\\yjisu\\.dbt', 'indirect_selection': 'eager', 'invocation_command': 'dbt debug', 'use_colors': 'True', 'use_experimental_parser': 'False', 'log_path': 'C:\\Users\\yjisu\\Desktop\\SCM_WORK\\sincerely_scm_dbt\\logs'}
[0m17:51:30.021591 [info ] [MainThread]: dbt version: 1.11.7
[0m17:51:30.021591 [info ] [MainThread]: python version: 3.12.10
[0m17:51:30.021591 [info ] [MainThread]: python path: C:\Users\yjisu\AppData\Local\Python\pythoncore-3.12-64\python.exe
[0m17:51:30.021591 [info ] [MainThread]: os info: Windows-11-10.0.26200-SP0
[0m17:51:30.131785 [info ] [MainThread]: Using profiles dir at C:\Users\yjisu\.dbt
[0m17:51:30.131785 [info ] [MainThread]: Using profiles.yml file at C:\Users\yjisu\.dbt\profiles.yml
[0m17:51:30.131785 [info ] [MainThread]: Using dbt_project.yml file at C:\Users\yjisu\Desktop\SCM_WORK\sincerely_scm_dbt\dbt_project.yml
[0m17:51:30.133369 [info ] [MainThread]: adapter type: postgres
[0m17:51:30.133369 [info ] [MainThread]: adapter version: 1.10.0
[0m17:51:30.256817 [info ] [MainThread]: Configuration:
[0m17:51:30.261444 [info ] [MainThread]:   profiles.yml file [[32mOK found and valid[0m]
[0m17:51:30.261444 [info ] [MainThread]:   dbt_project.yml file [[32mOK found and valid[0m]
[0m17:51:30.261444 [info ] [MainThread]: Required dependencies:
[0m17:51:30.261444 [debug] [MainThread]: Executing "git --help"
[0m17:51:30.310295 [debug] [MainThread]: STDOUT: "b"usage: git [-v | --version] [-h | --help] [-C <path>] [-c <name>=<value>]\n           [--exec-path[=<path>]] [--html-path] [--man-path] [--info-path]\n           [-p | --paginate | -P | --no-pager] [--no-replace-objects] [--no-lazy-fetch]\n           [--no-optional-locks] [--no-advice] [--bare] [--git-dir=<path>]\n           [--work-tree=<path>] [--namespace=<name>] [--config-env=<name>=<envvar>]\n           <command> [<args>]\n\nThese are common Git commands used in various situations:\n\nstart a working area (see also: git help tutorial)\n   clone      Clone a repository into a new directory\n   init       Create an empty Git repository or reinitialize an existing one\n\nwork on the current change (see also: git help everyday)\n   add        Add file contents to the index\n   mv         Move or rename a file, a directory, or a symlink\n   restore    Restore working tree files\n   rm         Remove files from the working tree and from the index\n\nexamine the history and state (see also: git help revisions)\n   bisect     Use binary search to find the commit that introduced a bug\n   diff       Show changes between commits, commit and working tree, etc\n   grep       Print lines matching a pattern\n   log        Show commit logs\n   show       Show various types of objects\n   status     Show the working tree status\n\ngrow, mark and tweak your common history\n   backfill   Download missing objects in a partial clone\n   branch     List, create, or delete branches\n   commit     Record changes to the repository\n   merge      Join two or more development histories together\n   rebase     Reapply commits on top of another base tip\n   reset      Set `HEAD` or the index to a known state\n   switch     Switch branches\n   tag        Create, list, delete or verify tags\n\ncollaborate (see also: git help workflows)\n   fetch      Download objects and refs from another repository\n   pull       Fetch from and integrate with another repository or a local branch\n   push       Update remote refs along with associated objects\n\n'git help -a' and 'git help -g' list available subcommands and some\nconcept guides. See 'git help <command>' or 'git help <concept>'\nto read about a specific subcommand or concept.\nSee 'git help git' for an overview of the system.\n""
[0m17:51:30.310295 [debug] [MainThread]: STDERR: "b''"
[0m17:51:30.310295 [info ] [MainThread]:  - git [[32mOK found[0m]

[0m17:51:30.310295 [info ] [MainThread]: Connection:
[0m17:51:30.310295 [info ] [MainThread]:   host: aws-0-ap-northeast-2.pooler.supabase.com
[0m17:51:30.322834 [info ] [MainThread]:   port: 5432
[0m17:51:30.323358 [info ] [MainThread]:   user: postgres.aigykrijhgjxqludjqed
[0m17:51:30.323358 [info ] [MainThread]:   database: postgres
[0m17:51:30.323358 [info ] [MainThread]:   schema: analytics
[0m17:51:30.323358 [info ] [MainThread]:   connect_timeout: 30
[0m17:51:30.325344 [info ] [MainThread]:   role: None
[0m17:51:30.325344 [info ] [MainThread]:   search_path: None
[0m17:51:30.325344 [info ] [MainThread]:   keepalives_idle: 0
[0m17:51:30.325344 [info ] [MainThread]:   sslmode: require
[0m17:51:30.325344 [info ] [MainThread]:   sslcert: None
[0m17:51:30.325344 [info ] [MainThread]:   sslkey: None
[0m17:51:30.325344 [info ] [MainThread]:   sslrootcert: None
[0m17:51:30.325344 [info ] [MainThread]:   application_name: dbt
[0m17:51:30.325344 [info ] [MainThread]:   retries: 1
[0m17:51:30.325344 [info ] [MainThread]: Registered adapter: postgres=1.10.0
[0m17:51:30.743781 [debug] [MainThread]: Acquiring new postgres connection 'debug'
[0m17:51:30.874819 [debug] [MainThread]: Using postgres connection "debug"
[0m17:51:30.876644 [debug] [MainThread]: On debug: select 1 as id
[0m17:51:30.876644 [debug] [MainThread]: Opening a new connection, currently in state init
[0m17:51:31.256870 [debug] [MainThread]: Postgres adapter: Got a retryable error when attempting to open a postgres connection.
1 attempts remaining. Retrying in 0 seconds.
Error:
connection to server at "aws-0-ap-northeast-2.pooler.supabase.com" (15.164.120.176), port 5432 failed: FATAL:  Tenant or user not found

[0m17:51:31.464233 [debug] [MainThread]: Postgres adapter: Error running SQL: select 1 as id
[0m17:51:31.471076 [debug] [MainThread]: Postgres adapter: Rolling back transaction.
[0m17:51:31.471076 [debug] [MainThread]: On debug: No close available on handle
[0m17:51:31.473084 [info ] [MainThread]:   Connection test: [[31mERROR[0m]

[0m17:51:31.474299 [info ] [MainThread]: [31m1 check failed:[0m
[0m17:51:31.474793 [info ] [MainThread]: dbt was unable to connect to the specified database.
The database returned the following error:

  >Database Error
  connection to server at "aws-0-ap-northeast-2.pooler.supabase.com" (15.164.120.176), port 5432 failed: FATAL:  Tenant or user not found
  

Check your database credentials and try again. For more information, visit:
https://docs.getdbt.com/docs/configure-your-profile


[0m17:51:31.474793 [debug] [MainThread]: Command `dbt debug` failed at 17:51:31.474793 after 1.81 seconds
[0m17:51:31.474793 [debug] [MainThread]: Connection 'debug' was properly closed.
[0m17:51:31.474793 [debug] [MainThread]: Sending event: {'category': 'dbt', 'action': 'invocation', 'label': 'end', 'context': [<snowplow_tracker.self_describing_json.SelfDescribingJson object at 0x0000022597C17FE0>, <snowplow_tracker.self_describing_json.SelfDescribingJson object at 0x0000022598B47620>, <snowplow_tracker.self_describing_json.SelfDescribingJson object at 0x0000022598B44860>]}
[0m17:51:31.479950 [debug] [MainThread]: Flushing usage events
[0m17:51:33.643356 [debug] [MainThread]: An error was encountered while trying to flush usage events
